{"E:\\zadania rekturacyjne\\auto1-group-recruitment-task\\src\\App.tsx": {"path":"E:\\zadania rekturacyjne\\auto1-group-recruitment-task\\src\\App.tsx","all":true,"statementMap":{"0":{"start":{"line":1,"column":0},"end":{"line":1,"column":19}},"1":{"start":{"line":2,"column":0},"end":{"line":2,"column":70}},"2":{"start":{"line":3,"column":0},"end":{"line":3,"column":42}},"3":{"start":{"line":4,"column":0},"end":{"line":4,"column":42}},"4":{"start":{"line":5,"column":0},"end":{"line":5,"column":41}},"5":{"start":{"line":6,"column":0},"end":{"line":6,"column":42}},"6":{"start":{"line":7,"column":0},"end":{"line":7,"column":41}},"7":{"start":{"line":8,"column":0},"end":{"line":8,"column":0}},"8":{"start":{"line":9,"column":0},"end":{"line":9,"column":16}},"9":{"start":{"line":10,"column":0},"end":{"line":10,"column":10}},"10":{"start":{"line":11,"column":0},"end":{"line":11,"column":6}},"11":{"start":{"line":12,"column":0},"end":{"line":12,"column":16}},"12":{"start":{"line":13,"column":0},"end":{"line":13,"column":77}},"13":{"start":{"line":14,"column":0},"end":{"line":14,"column":16}},"14":{"start":{"line":15,"column":0},"end":{"line":15,"column":18}},"15":{"start":{"line":16,"column":0},"end":{"line":16,"column":54}},"16":{"start":{"line":17,"column":0},"end":{"line":17,"column":54}},"17":{"start":{"line":18,"column":0},"end":{"line":18,"column":19}},"18":{"start":{"line":19,"column":0},"end":{"line":19,"column":17}},"19":{"start":{"line":20,"column":0},"end":{"line":20,"column":18}},"20":{"start":{"line":21,"column":0},"end":{"line":21,"column":16}},"21":{"start":{"line":22,"column":0},"end":{"line":22,"column":7}},"22":{"start":{"line":23,"column":0},"end":{"line":23,"column":4}},"23":{"start":{"line":24,"column":0},"end":{"line":24,"column":1}},"24":{"start":{"line":25,"column":0},"end":{"line":25,"column":0}},"25":{"start":{"line":26,"column":0},"end":{"line":26,"column":19}}},"s":{"0":0,"1":0,"2":0,"3":0,"4":0,"5":0,"6":0,"7":0,"8":0,"9":0,"10":0,"11":0,"12":0,"13":0,"14":0,"15":0,"16":0,"17":0,"18":0,"19":0,"20":0,"21":0,"22":0,"23":0,"24":0,"25":0},"branchMap":{"0":{"type":"branch","line":1,"loc":{"start":{"line":1,"column":0},"end":{"line":26,"column":19}},"locations":[{"start":{"line":1,"column":0},"end":{"line":26,"column":19}}]}},"b":{"0":[0]},"fnMap":{"0":{"name":"(empty-report)","decl":{"start":{"line":1,"column":0},"end":{"line":26,"column":19}},"loc":{"start":{"line":1,"column":0},"end":{"line":26,"column":19}},"line":1}},"f":{"0":0}}
,"E:\\zadania rekturacyjne\\auto1-group-recruitment-task\\src\\main.tsx": {"path":"E:\\zadania rekturacyjne\\auto1-group-recruitment-task\\src\\main.tsx","all":true,"statementMap":{"0":{"start":{"line":1,"column":0},"end":{"line":1,"column":34}},"1":{"start":{"line":2,"column":0},"end":{"line":2,"column":45}},"2":{"start":{"line":3,"column":0},"end":{"line":3,"column":20}},"3":{"start":{"line":4,"column":0},"end":{"line":4,"column":27}},"4":{"start":{"line":5,"column":0},"end":{"line":5,"column":0}},"5":{"start":{"line":6,"column":0},"end":{"line":6,"column":52}},"6":{"start":{"line":7,"column":0},"end":{"line":7,"column":14}},"7":{"start":{"line":8,"column":0},"end":{"line":8,"column":11}},"8":{"start":{"line":9,"column":0},"end":{"line":9,"column":16}},"9":{"start":{"line":10,"column":0},"end":{"line":10,"column":1}}},"s":{"0":0,"1":0,"2":0,"3":0,"4":0,"5":0,"6":0,"7":0,"8":0,"9":0},"branchMap":{"0":{"type":"branch","line":1,"loc":{"start":{"line":1,"column":0},"end":{"line":10,"column":1}},"locations":[{"start":{"line":1,"column":0},"end":{"line":10,"column":1}}]}},"b":{"0":[0]},"fnMap":{"0":{"name":"(empty-report)","decl":{"start":{"line":1,"column":0},"end":{"line":10,"column":1}},"loc":{"start":{"line":1,"column":0},"end":{"line":10,"column":1}},"line":1}},"f":{"0":0}}
,"E:\\zadania rekturacyjne\\auto1-group-recruitment-task\\src\\components\\CarDetails.tsx": {"path":"E:\\zadania rekturacyjne\\auto1-group-recruitment-task\\src\\components\\CarDetails.tsx","all":false,"statementMap":{"0":{"start":{"line":1,"column":0},"end":{"line":1,"column":41}},"1":{"start":{"line":2,"column":0},"end":{"line":2,"column":8}},"12":{"start":{"line":13,"column":0},"end":{"line":13,"column":8}},"18":{"start":{"line":19,"column":0},"end":{"line":19,"column":69}},"19":{"start":{"line":20,"column":0},"end":{"line":20,"column":6}},"20":{"start":{"line":21,"column":0},"end":{"line":21,"column":17}},"21":{"start":{"line":22,"column":0},"end":{"line":22,"column":7}},"22":{"start":{"line":23,"column":0},"end":{"line":23,"column":62}},"24":{"start":{"line":25,"column":0},"end":{"line":25,"column":19}},"25":{"start":{"line":26,"column":0},"end":{"line":26,"column":57}},"26":{"start":{"line":27,"column":0},"end":{"line":27,"column":28}},"27":{"start":{"line":28,"column":0},"end":{"line":28,"column":30}},"28":{"start":{"line":29,"column":0},"end":{"line":29,"column":9}},"30":{"start":{"line":31,"column":0},"end":{"line":31,"column":47}},"31":{"start":{"line":32,"column":0},"end":{"line":32,"column":22}},"32":{"start":{"line":33,"column":0},"end":{"line":33,"column":64}},"33":{"start":{"line":34,"column":0},"end":{"line":34,"column":59}},"34":{"start":{"line":35,"column":0},"end":{"line":35,"column":30}},"35":{"start":{"line":36,"column":0},"end":{"line":36,"column":32}},"36":{"start":{"line":37,"column":0},"end":{"line":37,"column":12}},"37":{"start":{"line":38,"column":0},"end":{"line":38,"column":27}},"38":{"start":{"line":39,"column":0},"end":{"line":39,"column":59}},"39":{"start":{"line":40,"column":0},"end":{"line":40,"column":30}},"40":{"start":{"line":41,"column":0},"end":{"line":41,"column":32}},"41":{"start":{"line":42,"column":0},"end":{"line":42,"column":5}},"42":{"start":{"line":43,"column":0},"end":{"line":43,"column":4}},"44":{"start":{"line":45,"column":0},"end":{"line":45,"column":10}},"45":{"start":{"line":46,"column":0},"end":{"line":46,"column":43}},"46":{"start":{"line":47,"column":0},"end":{"line":47,"column":13}},"47":{"start":{"line":48,"column":0},"end":{"line":48,"column":27}},"48":{"start":{"line":49,"column":0},"end":{"line":49,"column":23}},"49":{"start":{"line":50,"column":0},"end":{"line":50,"column":32}},"50":{"start":{"line":51,"column":0},"end":{"line":51,"column":40}},"51":{"start":{"line":52,"column":0},"end":{"line":52,"column":7}},"53":{"start":{"line":54,"column":0},"end":{"line":54,"column":15}},"54":{"start":{"line":55,"column":0},"end":{"line":55,"column":10}},"55":{"start":{"line":56,"column":0},"end":{"line":56,"column":23}},"56":{"start":{"line":57,"column":0},"end":{"line":57,"column":28}},"57":{"start":{"line":58,"column":0},"end":{"line":58,"column":56}},"58":{"start":{"line":59,"column":0},"end":{"line":59,"column":37}},"59":{"start":{"line":60,"column":0},"end":{"line":60,"column":8}},"60":{"start":{"line":61,"column":0},"end":{"line":61,"column":12}},"61":{"start":{"line":62,"column":0},"end":{"line":62,"column":17}},"62":{"start":{"line":63,"column":0},"end":{"line":63,"column":22}},"63":{"start":{"line":64,"column":0},"end":{"line":64,"column":39}},"64":{"start":{"line":65,"column":0},"end":{"line":65,"column":25}},"65":{"start":{"line":66,"column":0},"end":{"line":66,"column":22}},"67":{"start":{"line":68,"column":0},"end":{"line":68,"column":40}},"68":{"start":{"line":69,"column":0},"end":{"line":69,"column":29}},"69":{"start":{"line":70,"column":0},"end":{"line":70,"column":77}},"70":{"start":{"line":71,"column":0},"end":{"line":71,"column":52}},"71":{"start":{"line":72,"column":0},"end":{"line":72,"column":25}},"72":{"start":{"line":73,"column":0},"end":{"line":73,"column":64}},"73":{"start":{"line":74,"column":0},"end":{"line":74,"column":67}},"74":{"start":{"line":75,"column":0},"end":{"line":75,"column":63}},"75":{"start":{"line":76,"column":0},"end":{"line":76,"column":25}},"76":{"start":{"line":77,"column":0},"end":{"line":77,"column":64}},"81":{"start":{"line":82,"column":0},"end":{"line":82,"column":25}},"82":{"start":{"line":83,"column":0},"end":{"line":83,"column":18}},"83":{"start":{"line":84,"column":0},"end":{"line":84,"column":16}},"84":{"start":{"line":85,"column":0},"end":{"line":85,"column":40}},"85":{"start":{"line":86,"column":0},"end":{"line":86,"column":63}},"86":{"start":{"line":87,"column":0},"end":{"line":87,"column":66}},"89":{"start":{"line":90,"column":0},"end":{"line":90,"column":25}},"90":{"start":{"line":91,"column":0},"end":{"line":91,"column":19}},"91":{"start":{"line":92,"column":0},"end":{"line":92,"column":33}},"92":{"start":{"line":93,"column":0},"end":{"line":93,"column":52}},"93":{"start":{"line":94,"column":0},"end":{"line":94,"column":44}},"94":{"start":{"line":95,"column":0},"end":{"line":95,"column":56}},"96":{"start":{"line":97,"column":0},"end":{"line":97,"column":47}},"97":{"start":{"line":98,"column":0},"end":{"line":98,"column":21}},"98":{"start":{"line":99,"column":0},"end":{"line":99,"column":18}},"99":{"start":{"line":100,"column":0},"end":{"line":100,"column":16}},"100":{"start":{"line":101,"column":0},"end":{"line":101,"column":14}},"101":{"start":{"line":102,"column":0},"end":{"line":102,"column":12}},"103":{"start":{"line":104,"column":0},"end":{"line":104,"column":2}},"105":{"start":{"line":106,"column":0},"end":{"line":106,"column":26}}},"s":{"0":1,"1":1,"12":1,"18":1,"19":8,"20":8,"21":8,"22":8,"24":8,"25":5,"26":2,"27":3,"28":8,"30":8,"31":2,"32":1,"33":1,"34":1,"35":0,"36":1,"37":1,"38":1,"39":0,"40":1,"41":1,"42":2,"44":8,"45":8,"46":8,"47":8,"48":8,"49":8,"50":8,"51":8,"53":8,"54":8,"55":8,"56":8,"57":8,"58":8,"59":8,"60":8,"61":8,"62":8,"63":8,"64":8,"65":8,"67":8,"68":8,"69":8,"70":8,"71":8,"72":8,"73":8,"74":8,"75":8,"76":8,"81":8,"82":8,"83":8,"84":8,"85":8,"86":8,"89":8,"90":8,"91":8,"92":8,"93":8,"94":8,"96":8,"97":8,"98":8,"99":8,"100":8,"101":8,"103":8,"105":1},"branchMap":{"0":{"type":"branch","line":19,"loc":{"start":{"line":19,"column":67},"end":{"line":104,"column":2}},"locations":[{"start":{"line":19,"column":67},"end":{"line":104,"column":2}}]},"1":{"type":"branch","line":97,"loc":{"start":{"line":97,"column":15},"end":{"line":97,"column":40}},"locations":[{"start":{"line":97,"column":15},"end":{"line":97,"column":40}}]},"2":{"type":"branch","line":97,"loc":{"start":{"line":97,"column":29},"end":{"line":97,"column":47}},"locations":[{"start":{"line":97,"column":29},"end":{"line":97,"column":47}}]},"3":{"type":"branch","line":25,"loc":{"start":{"line":25,"column":12},"end":{"line":29,"column":5}},"locations":[{"start":{"line":25,"column":12},"end":{"line":29,"column":5}}]},"4":{"type":"branch","line":26,"loc":{"start":{"line":26,"column":56},"end":{"line":27,"column":28}},"locations":[{"start":{"line":26,"column":56},"end":{"line":27,"column":28}}]},"5":{"type":"branch","line":27,"loc":{"start":{"line":27,"column":27},"end":{"line":28,"column":30}},"locations":[{"start":{"line":27,"column":27},"end":{"line":28,"column":30}}]},"6":{"type":"branch","line":31,"loc":{"start":{"line":31,"column":32},"end":{"line":43,"column":4}},"locations":[{"start":{"line":31,"column":32},"end":{"line":43,"column":4}}]},"7":{"type":"branch","line":32,"loc":{"start":{"line":32,"column":21},"end":{"line":42,"column":5}},"locations":[{"start":{"line":32,"column":21},"end":{"line":42,"column":5}}]},"8":{"type":"branch","line":35,"loc":{"start":{"line":35,"column":29},"end":{"line":36,"column":32}},"locations":[{"start":{"line":35,"column":29},"end":{"line":36,"column":32}}]},"9":{"type":"branch","line":39,"loc":{"start":{"line":39,"column":58},"end":{"line":40,"column":30}},"locations":[{"start":{"line":39,"column":58},"end":{"line":40,"column":30}}]},"10":{"type":"branch","line":51,"loc":{"start":{"line":51,"column":17},"end":{"line":51,"column":40}},"locations":[{"start":{"line":51,"column":17},"end":{"line":51,"column":40}}]},"11":{"type":"branch","line":95,"loc":{"start":{"line":95,"column":23},"end":{"line":95,"column":56}},"locations":[{"start":{"line":95,"column":23},"end":{"line":95,"column":56}}]}},"b":{"0":[8],"1":[3],"2":[5],"3":[5],"4":[2],"5":[3],"6":[2],"7":[1],"8":[0],"9":[0],"10":[1],"11":[2]},"fnMap":{"0":{"name":"CarDetails","decl":{"start":{"line":19,"column":67},"end":{"line":104,"column":2}},"loc":{"start":{"line":19,"column":67},"end":{"line":104,"column":2}},"line":19},"1":{"name":"handleFavouriteAction","decl":{"start":{"line":31,"column":32},"end":{"line":43,"column":4}},"loc":{"start":{"line":31,"column":32},"end":{"line":43,"column":4}},"line":31},"2":{"name":"onClick","decl":{"start":{"line":51,"column":17},"end":{"line":51,"column":40}},"loc":{"start":{"line":51,"column":17},"end":{"line":51,"column":40}},"line":51},"3":{"name":"onClick","decl":{"start":{"line":95,"column":23},"end":{"line":95,"column":56}},"loc":{"start":{"line":95,"column":23},"end":{"line":95,"column":56}},"line":95}},"f":{"0":8,"1":2,"2":1,"3":2}}
,"E:\\zadania rekturacyjne\\auto1-group-recruitment-task\\src\\components\\CarList.tsx": {"path":"E:\\zadania rekturacyjne\\auto1-group-recruitment-task\\src\\components\\CarList.tsx","all":false,"statementMap":{"2":{"start":{"line":3,"column":0},"end":{"line":3,"column":8}},"12":{"start":{"line":13,"column":0},"end":{"line":13,"column":65}},"22":{"start":{"line":23,"column":0},"end":{"line":23,"column":42}},"23":{"start":{"line":24,"column":0},"end":{"line":24,"column":22}},"24":{"start":{"line":25,"column":0},"end":{"line":25,"column":14}},"25":{"start":{"line":26,"column":0},"end":{"line":26,"column":19}},"26":{"start":{"line":27,"column":0},"end":{"line":27,"column":20}},"27":{"start":{"line":28,"column":0},"end":{"line":28,"column":14}},"28":{"start":{"line":29,"column":0},"end":{"line":29,"column":7}},"29":{"start":{"line":30,"column":0},"end":{"line":30,"column":45}},"30":{"start":{"line":31,"column":0},"end":{"line":31,"column":28}},"31":{"start":{"line":32,"column":0},"end":{"line":32,"column":43}},"33":{"start":{"line":34,"column":0},"end":{"line":34,"column":10}},"34":{"start":{"line":35,"column":0},"end":{"line":35,"column":36}},"35":{"start":{"line":36,"column":0},"end":{"line":36,"column":12}},"36":{"start":{"line":37,"column":0},"end":{"line":37,"column":29}},"37":{"start":{"line":38,"column":0},"end":{"line":38,"column":15}},"38":{"start":{"line":39,"column":0},"end":{"line":39,"column":22}},"39":{"start":{"line":40,"column":0},"end":{"line":40,"column":38}},"41":{"start":{"line":42,"column":0},"end":{"line":42,"column":60}},"43":{"start":{"line":44,"column":0},"end":{"line":44,"column":21}},"44":{"start":{"line":45,"column":0},"end":{"line":45,"column":58}},"45":{"start":{"line":46,"column":0},"end":{"line":46,"column":79}},"46":{"start":{"line":47,"column":0},"end":{"line":47,"column":21}},"47":{"start":{"line":48,"column":0},"end":{"line":48,"column":75}},"48":{"start":{"line":49,"column":0},"end":{"line":49,"column":50}},"49":{"start":{"line":50,"column":0},"end":{"line":50,"column":18}},"50":{"start":{"line":51,"column":0},"end":{"line":51,"column":43}},"51":{"start":{"line":52,"column":0},"end":{"line":52,"column":30}},"52":{"start":{"line":53,"column":0},"end":{"line":53,"column":42}},"53":{"start":{"line":54,"column":0},"end":{"line":54,"column":69}},"54":{"start":{"line":55,"column":0},"end":{"line":55,"column":31}},"55":{"start":{"line":56,"column":0},"end":{"line":56,"column":22}},"56":{"start":{"line":57,"column":0},"end":{"line":57,"column":17}},"58":{"start":{"line":59,"column":0},"end":{"line":59,"column":55}},"59":{"start":{"line":60,"column":0},"end":{"line":60,"column":26}},"60":{"start":{"line":61,"column":0},"end":{"line":61,"column":33}},"61":{"start":{"line":62,"column":0},"end":{"line":62,"column":39}},"62":{"start":{"line":63,"column":0},"end":{"line":63,"column":40}},"63":{"start":{"line":64,"column":0},"end":{"line":64,"column":66}},"64":{"start":{"line":65,"column":0},"end":{"line":65,"column":18}},"65":{"start":{"line":66,"column":0},"end":{"line":66,"column":53}},"66":{"start":{"line":67,"column":0},"end":{"line":67,"column":29}},"67":{"start":{"line":68,"column":0},"end":{"line":68,"column":32}},"68":{"start":{"line":69,"column":0},"end":{"line":69,"column":34}},"69":{"start":{"line":70,"column":0},"end":{"line":70,"column":44}},"71":{"start":{"line":72,"column":0},"end":{"line":72,"column":58}},"72":{"start":{"line":73,"column":0},"end":{"line":73,"column":31}},"73":{"start":{"line":74,"column":0},"end":{"line":74,"column":29}},"74":{"start":{"line":75,"column":0},"end":{"line":75,"column":35}},"75":{"start":{"line":76,"column":0},"end":{"line":76,"column":36}},"76":{"start":{"line":77,"column":0},"end":{"line":77,"column":45}},"77":{"start":{"line":78,"column":0},"end":{"line":78,"column":19}},"78":{"start":{"line":79,"column":0},"end":{"line":79,"column":73}},"79":{"start":{"line":80,"column":0},"end":{"line":80,"column":69}},"80":{"start":{"line":81,"column":0},"end":{"line":81,"column":31}},"81":{"start":{"line":82,"column":0},"end":{"line":82,"column":25}},"82":{"start":{"line":83,"column":0},"end":{"line":83,"column":34}},"83":{"start":{"line":84,"column":0},"end":{"line":84,"column":43}},"84":{"start":{"line":85,"column":0},"end":{"line":85,"column":54}},"85":{"start":{"line":86,"column":0},"end":{"line":86,"column":19}},"87":{"start":{"line":88,"column":0},"end":{"line":88,"column":27}},"88":{"start":{"line":89,"column":0},"end":{"line":89,"column":30}},"89":{"start":{"line":90,"column":0},"end":{"line":90,"column":21}},"90":{"start":{"line":91,"column":0},"end":{"line":91,"column":20}},"91":{"start":{"line":92,"column":0},"end":{"line":92,"column":13}},"92":{"start":{"line":93,"column":0},"end":{"line":93,"column":16}},"93":{"start":{"line":94,"column":0},"end":{"line":94,"column":68}},"94":{"start":{"line":95,"column":0},"end":{"line":95,"column":17}},"95":{"start":{"line":96,"column":0},"end":{"line":96,"column":26}},"96":{"start":{"line":97,"column":0},"end":{"line":97,"column":35}},"97":{"start":{"line":98,"column":0},"end":{"line":98,"column":48}},"98":{"start":{"line":99,"column":0},"end":{"line":99,"column":60}},"99":{"start":{"line":100,"column":0},"end":{"line":100,"column":11}},"101":{"start":{"line":102,"column":0},"end":{"line":102,"column":19}},"102":{"start":{"line":103,"column":0},"end":{"line":103,"column":17}},"103":{"start":{"line":104,"column":0},"end":{"line":104,"column":26}},"104":{"start":{"line":105,"column":0},"end":{"line":105,"column":35}},"105":{"start":{"line":106,"column":0},"end":{"line":106,"column":62}},"106":{"start":{"line":107,"column":0},"end":{"line":107,"column":60}},"107":{"start":{"line":108,"column":0},"end":{"line":108,"column":11}},"109":{"start":{"line":110,"column":0},"end":{"line":110,"column":19}},"110":{"start":{"line":111,"column":0},"end":{"line":111,"column":67}},"111":{"start":{"line":112,"column":0},"end":{"line":112,"column":70}},"112":{"start":{"line":113,"column":0},"end":{"line":113,"column":23}},"113":{"start":{"line":114,"column":0},"end":{"line":114,"column":17}},"114":{"start":{"line":115,"column":0},"end":{"line":115,"column":26}},"115":{"start":{"line":116,"column":0},"end":{"line":116,"column":35}},"116":{"start":{"line":117,"column":0},"end":{"line":117,"column":62}},"117":{"start":{"line":118,"column":0},"end":{"line":118,"column":22}},"118":{"start":{"line":119,"column":0},"end":{"line":119,"column":67}},"119":{"start":{"line":120,"column":0},"end":{"line":120,"column":30}},"121":{"start":{"line":122,"column":0},"end":{"line":122,"column":11}},"123":{"start":{"line":124,"column":0},"end":{"line":124,"column":19}},"124":{"start":{"line":125,"column":0},"end":{"line":125,"column":17}},"125":{"start":{"line":126,"column":0},"end":{"line":126,"column":26}},"126":{"start":{"line":127,"column":0},"end":{"line":127,"column":35}},"127":{"start":{"line":128,"column":0},"end":{"line":128,"column":26}},"128":{"start":{"line":129,"column":0},"end":{"line":129,"column":67}},"130":{"start":{"line":131,"column":0},"end":{"line":131,"column":22}},"131":{"start":{"line":132,"column":0},"end":{"line":132,"column":67}},"132":{"start":{"line":133,"column":0},"end":{"line":133,"column":30}},"134":{"start":{"line":135,"column":0},"end":{"line":135,"column":11}},"136":{"start":{"line":137,"column":0},"end":{"line":137,"column":19}},"137":{"start":{"line":138,"column":0},"end":{"line":138,"column":14}},"138":{"start":{"line":139,"column":0},"end":{"line":139,"column":14}},"139":{"start":{"line":140,"column":0},"end":{"line":140,"column":12}},"141":{"start":{"line":142,"column":0},"end":{"line":142,"column":2}},"143":{"start":{"line":144,"column":0},"end":{"line":144,"column":23}}},"s":{"2":1,"12":1,"22":1,"23":5,"24":5,"25":5,"26":5,"27":5,"28":5,"29":5,"30":5,"31":5,"33":5,"34":5,"35":5,"36":5,"37":5,"38":5,"39":5,"41":5,"43":5,"44":5,"45":5,"46":5,"47":5,"48":5,"49":9,"50":9,"51":9,"52":9,"53":9,"54":0,"55":9,"56":9,"58":9,"59":9,"60":9,"61":9,"62":9,"63":9,"64":9,"65":9,"66":9,"67":9,"68":9,"69":9,"71":9,"72":9,"73":9,"74":9,"75":9,"76":9,"77":9,"78":9,"79":9,"80":9,"81":9,"82":9,"83":9,"84":9,"85":9,"87":9,"88":9,"89":9,"90":9,"91":5,"92":5,"93":5,"94":5,"95":5,"96":5,"97":5,"98":5,"99":5,"101":5,"102":5,"103":5,"104":5,"105":5,"106":5,"107":5,"109":5,"110":5,"111":5,"112":5,"113":5,"114":5,"115":5,"116":5,"117":5,"118":5,"119":1,"121":5,"123":5,"124":5,"125":5,"126":5,"127":5,"128":1,"130":5,"131":5,"132":1,"134":5,"136":5,"137":5,"138":5,"139":5,"141":5,"143":1},"branchMap":{"0":{"type":"branch","line":23,"loc":{"start":{"line":23,"column":40},"end":{"line":142,"column":2}},"locations":[{"start":{"line":23,"column":40},"end":{"line":142,"column":2}}]},"1":{"type":"branch","line":30,"loc":{"start":{"line":30,"column":19},"end":{"line":30,"column":45}},"locations":[{"start":{"line":30,"column":19},"end":{"line":30,"column":45}}]},"2":{"type":"branch","line":99,"loc":{"start":{"line":99,"column":38},"end":{"line":99,"column":60}},"locations":[{"start":{"line":99,"column":38},"end":{"line":99,"column":60}}]},"3":{"type":"branch","line":107,"loc":{"start":{"line":107,"column":38},"end":{"line":107,"column":60}},"locations":[{"start":{"line":107,"column":38},"end":{"line":107,"column":60}}]},"4":{"type":"branch","line":119,"loc":{"start":{"line":119,"column":50},"end":{"line":120,"column":30}},"locations":[{"start":{"line":119,"column":50},"end":{"line":120,"column":30}}]},"5":{"type":"branch","line":132,"loc":{"start":{"line":132,"column":50},"end":{"line":133,"column":30}},"locations":[{"start":{"line":132,"column":50},"end":{"line":133,"column":30}}]},"6":{"type":"branch","line":49,"loc":{"start":{"line":49,"column":20},"end":{"line":91,"column":20}},"locations":[{"start":{"line":49,"column":20},"end":{"line":91,"column":20}}]},"7":{"type":"branch","line":54,"loc":{"start":{"line":54,"column":68},"end":{"line":55,"column":31}},"locations":[{"start":{"line":54,"column":68},"end":{"line":55,"column":31}}]},"8":{"type":"branch","line":85,"loc":{"start":{"line":85,"column":29},"end":{"line":85,"column":54}},"locations":[{"start":{"line":85,"column":29},"end":{"line":85,"column":54}}]},"9":{"type":"branch","line":98,"loc":{"start":{"line":98,"column":21},"end":{"line":98,"column":48}},"locations":[{"start":{"line":98,"column":21},"end":{"line":98,"column":48}}]},"10":{"type":"branch","line":106,"loc":{"start":{"line":106,"column":21},"end":{"line":106,"column":62}},"locations":[{"start":{"line":106,"column":21},"end":{"line":106,"column":62}}]},"11":{"type":"branch","line":117,"loc":{"start":{"line":117,"column":21},"end":{"line":117,"column":62}},"locations":[{"start":{"line":117,"column":21},"end":{"line":117,"column":62}}]},"12":{"type":"branch","line":128,"loc":{"start":{"line":128,"column":21},"end":{"line":129,"column":67}},"locations":[{"start":{"line":128,"column":21},"end":{"line":129,"column":67}}]}},"b":{"0":[5],"1":[0],"2":[1],"3":[1],"4":[1],"5":[1],"6":[9],"7":[0],"8":[1],"9":[1],"10":[1],"11":[1],"12":[1]},"fnMap":{"0":{"name":"CarList","decl":{"start":{"line":23,"column":40},"end":{"line":142,"column":2}},"loc":{"start":{"line":23,"column":40},"end":{"line":142,"column":2}},"line":23},"1":{"name":"onClick","decl":{"start":{"line":85,"column":29},"end":{"line":85,"column":54}},"loc":{"start":{"line":85,"column":29},"end":{"line":85,"column":54}},"line":85},"2":{"name":"onClick","decl":{"start":{"line":98,"column":21},"end":{"line":98,"column":48}},"loc":{"start":{"line":98,"column":21},"end":{"line":98,"column":48}},"line":98},"3":{"name":"onClick","decl":{"start":{"line":106,"column":21},"end":{"line":106,"column":62}},"loc":{"start":{"line":106,"column":21},"end":{"line":106,"column":62}},"line":106},"4":{"name":"onClick","decl":{"start":{"line":117,"column":21},"end":{"line":117,"column":62}},"loc":{"start":{"line":117,"column":21},"end":{"line":117,"column":62}},"line":117},"5":{"name":"onClick","decl":{"start":{"line":128,"column":21},"end":{"line":129,"column":67}},"loc":{"start":{"line":128,"column":21},"end":{"line":129,"column":67}},"line":128}},"f":{"0":5,"1":1,"2":1,"3":1,"4":1,"5":1}}
,"E:\\zadania rekturacyjne\\auto1-group-recruitment-task\\src\\components\\FilterForm.tsx": {"path":"E:\\zadania rekturacyjne\\auto1-group-recruitment-task\\src\\components\\FilterForm.tsx","all":false,"statementMap":{"0":{"start":{"line":1,"column":0},"end":{"line":1,"column":26}},"1":{"start":{"line":2,"column":0},"end":{"line":2,"column":8}},"14":{"start":{"line":15,"column":0},"end":{"line":15,"column":28}},"19":{"start":{"line":20,"column":0},"end":{"line":20,"column":79}},"20":{"start":{"line":21,"column":0},"end":{"line":21,"column":75}},"21":{"start":{"line":22,"column":0},"end":{"line":22,"column":57}},"22":{"start":{"line":23,"column":0},"end":{"line":23,"column":41}},"23":{"start":{"line":24,"column":0},"end":{"line":24,"column":4}},"25":{"start":{"line":26,"column":0},"end":{"line":26,"column":65}},"26":{"start":{"line":27,"column":0},"end":{"line":27,"column":40}},"27":{"start":{"line":28,"column":0},"end":{"line":28,"column":4}},"29":{"start":{"line":30,"column":0},"end":{"line":30,"column":59}},"30":{"start":{"line":31,"column":0},"end":{"line":31,"column":43}},"31":{"start":{"line":32,"column":0},"end":{"line":32,"column":4}},"33":{"start":{"line":34,"column":0},"end":{"line":34,"column":66}},"34":{"start":{"line":35,"column":0},"end":{"line":35,"column":50}},"35":{"start":{"line":36,"column":0},"end":{"line":36,"column":4}},"37":{"start":{"line":38,"column":0},"end":{"line":38,"column":10}},"38":{"start":{"line":39,"column":0},"end":{"line":39,"column":56}},"39":{"start":{"line":40,"column":0},"end":{"line":40,"column":52}},"40":{"start":{"line":41,"column":0},"end":{"line":41,"column":31}},"41":{"start":{"line":42,"column":0},"end":{"line":42,"column":27}},"42":{"start":{"line":43,"column":0},"end":{"line":43,"column":41}},"43":{"start":{"line":44,"column":0},"end":{"line":44,"column":32}},"44":{"start":{"line":45,"column":0},"end":{"line":45,"column":21}},"45":{"start":{"line":46,"column":0},"end":{"line":46,"column":21}},"46":{"start":{"line":47,"column":0},"end":{"line":47,"column":44}},"47":{"start":{"line":48,"column":0},"end":{"line":48,"column":27}},"48":{"start":{"line":49,"column":0},"end":{"line":49,"column":42}},"49":{"start":{"line":50,"column":0},"end":{"line":50,"column":26}},"50":{"start":{"line":51,"column":0},"end":{"line":51,"column":40}},"51":{"start":{"line":52,"column":0},"end":{"line":52,"column":23}},"52":{"start":{"line":53,"column":0},"end":{"line":53,"column":28}},"53":{"start":{"line":54,"column":0},"end":{"line":54,"column":38}},"54":{"start":{"line":55,"column":0},"end":{"line":55,"column":31}},"55":{"start":{"line":56,"column":0},"end":{"line":56,"column":57}},"56":{"start":{"line":57,"column":0},"end":{"line":57,"column":55}},"57":{"start":{"line":58,"column":0},"end":{"line":58,"column":33}},"58":{"start":{"line":59,"column":0},"end":{"line":59,"column":20}},"59":{"start":{"line":60,"column":0},"end":{"line":60,"column":18}},"61":{"start":{"line":62,"column":0},"end":{"line":62,"column":76}},"63":{"start":{"line":64,"column":0},"end":{"line":64,"column":27}},"64":{"start":{"line":65,"column":0},"end":{"line":65,"column":43}},"65":{"start":{"line":66,"column":0},"end":{"line":66,"column":27}},"66":{"start":{"line":67,"column":0},"end":{"line":67,"column":31}},"67":{"start":{"line":68,"column":0},"end":{"line":68,"column":62}},"68":{"start":{"line":69,"column":0},"end":{"line":69,"column":33}},"69":{"start":{"line":70,"column":0},"end":{"line":70,"column":60}},"71":{"start":{"line":72,"column":0},"end":{"line":72,"column":27}},"72":{"start":{"line":73,"column":0},"end":{"line":73,"column":29}},"73":{"start":{"line":74,"column":0},"end":{"line":74,"column":19}},"74":{"start":{"line":75,"column":0},"end":{"line":75,"column":23}},"76":{"start":{"line":77,"column":0},"end":{"line":77,"column":25}},"77":{"start":{"line":78,"column":0},"end":{"line":78,"column":12}},"78":{"start":{"line":79,"column":0},"end":{"line":79,"column":22}},"79":{"start":{"line":80,"column":0},"end":{"line":80,"column":31}},"80":{"start":{"line":81,"column":0},"end":{"line":81,"column":27}},"81":{"start":{"line":82,"column":0},"end":{"line":82,"column":41}},"82":{"start":{"line":83,"column":0},"end":{"line":83,"column":32}},"83":{"start":{"line":84,"column":0},"end":{"line":84,"column":21}},"84":{"start":{"line":85,"column":0},"end":{"line":85,"column":21}},"85":{"start":{"line":86,"column":0},"end":{"line":86,"column":46}},"86":{"start":{"line":87,"column":0},"end":{"line":87,"column":36}},"87":{"start":{"line":88,"column":0},"end":{"line":88,"column":51}},"88":{"start":{"line":89,"column":0},"end":{"line":89,"column":28}},"89":{"start":{"line":90,"column":0},"end":{"line":90,"column":25}},"90":{"start":{"line":91,"column":0},"end":{"line":91,"column":49}},"91":{"start":{"line":92,"column":0},"end":{"line":92,"column":28}},"92":{"start":{"line":93,"column":0},"end":{"line":93,"column":38}},"93":{"start":{"line":94,"column":0},"end":{"line":94,"column":34}},"94":{"start":{"line":95,"column":0},"end":{"line":95,"column":75}},"95":{"start":{"line":96,"column":0},"end":{"line":96,"column":20}},"96":{"start":{"line":97,"column":0},"end":{"line":97,"column":31}},"97":{"start":{"line":98,"column":0},"end":{"line":98,"column":57}},"98":{"start":{"line":99,"column":0},"end":{"line":99,"column":28}},"99":{"start":{"line":100,"column":0},"end":{"line":100,"column":64}},"100":{"start":{"line":101,"column":0},"end":{"line":101,"column":22}},"101":{"start":{"line":102,"column":0},"end":{"line":102,"column":33}},"102":{"start":{"line":103,"column":0},"end":{"line":103,"column":20}},"103":{"start":{"line":104,"column":0},"end":{"line":104,"column":18}},"105":{"start":{"line":106,"column":0},"end":{"line":106,"column":135}},"107":{"start":{"line":108,"column":0},"end":{"line":108,"column":27}},"108":{"start":{"line":109,"column":0},"end":{"line":109,"column":57}},"109":{"start":{"line":110,"column":0},"end":{"line":110,"column":27}},"110":{"start":{"line":111,"column":0},"end":{"line":111,"column":43}},"111":{"start":{"line":112,"column":0},"end":{"line":112,"column":81}},"112":{"start":{"line":113,"column":0},"end":{"line":113,"column":45}},"113":{"start":{"line":114,"column":0},"end":{"line":114,"column":60}},"115":{"start":{"line":116,"column":0},"end":{"line":116,"column":39}},"116":{"start":{"line":117,"column":0},"end":{"line":117,"column":29}},"117":{"start":{"line":118,"column":0},"end":{"line":118,"column":19}},"118":{"start":{"line":119,"column":0},"end":{"line":119,"column":23}},"120":{"start":{"line":121,"column":0},"end":{"line":121,"column":32}},"121":{"start":{"line":122,"column":0},"end":{"line":122,"column":12}},"122":{"start":{"line":123,"column":0},"end":{"line":123,"column":22}},"123":{"start":{"line":124,"column":0},"end":{"line":124,"column":52}},"124":{"start":{"line":125,"column":0},"end":{"line":125,"column":17}},"125":{"start":{"line":126,"column":0},"end":{"line":126,"column":31}},"126":{"start":{"line":127,"column":0},"end":{"line":127,"column":42}},"127":{"start":{"line":128,"column":0},"end":{"line":128,"column":39}},"128":{"start":{"line":129,"column":0},"end":{"line":129,"column":61}},"129":{"start":{"line":130,"column":0},"end":{"line":130,"column":11}},"131":{"start":{"line":132,"column":0},"end":{"line":132,"column":19}},"132":{"start":{"line":133,"column":0},"end":{"line":133,"column":14}},"133":{"start":{"line":134,"column":0},"end":{"line":134,"column":12}},"134":{"start":{"line":135,"column":0},"end":{"line":135,"column":12}},"136":{"start":{"line":137,"column":0},"end":{"line":137,"column":2}},"138":{"start":{"line":139,"column":0},"end":{"line":139,"column":26}}},"s":{"0":1,"1":1,"14":1,"19":1,"20":10,"21":10,"22":10,"23":10,"25":10,"26":1,"27":1,"29":10,"30":1,"31":1,"33":10,"34":1,"35":1,"37":10,"38":10,"39":10,"40":10,"41":10,"42":10,"43":10,"44":10,"45":10,"46":10,"47":10,"48":10,"49":10,"50":10,"51":10,"52":10,"53":10,"54":10,"55":10,"56":10,"57":10,"58":10,"59":10,"61":10,"63":10,"64":10,"65":14,"66":14,"67":14,"68":14,"69":14,"71":14,"72":14,"73":10,"74":10,"76":10,"77":10,"78":10,"79":10,"80":10,"81":10,"82":10,"83":10,"84":10,"85":10,"86":10,"87":10,"88":10,"89":10,"90":10,"91":10,"92":10,"93":10,"94":10,"95":10,"96":10,"97":10,"98":10,"99":10,"100":10,"101":10,"102":10,"103":10,"105":10,"107":10,"108":10,"109":11,"110":11,"111":11,"112":11,"113":11,"115":11,"116":11,"117":10,"118":10,"120":10,"121":10,"122":10,"123":10,"124":10,"125":10,"126":10,"127":10,"128":10,"129":10,"131":10,"132":10,"133":10,"134":10,"136":10,"138":1},"branchMap":{"0":{"type":"branch","line":20,"loc":{"start":{"line":20,"column":5},"end":{"line":137,"column":2}},"locations":[{"start":{"line":20,"column":5},"end":{"line":137,"column":2}}]},"1":{"type":"branch","line":26,"loc":{"start":{"line":26,"column":23},"end":{"line":28,"column":4}},"locations":[{"start":{"line":26,"column":23},"end":{"line":28,"column":4}}]},"2":{"type":"branch","line":30,"loc":{"start":{"line":30,"column":28},"end":{"line":32,"column":4}},"locations":[{"start":{"line":30,"column":28},"end":{"line":32,"column":4}}]},"3":{"type":"branch","line":34,"loc":{"start":{"line":34,"column":35},"end":{"line":36,"column":4}},"locations":[{"start":{"line":34,"column":35},"end":{"line":36,"column":4}}]},"4":{"type":"branch","line":65,"loc":{"start":{"line":65,"column":31},"end":{"line":73,"column":29}},"locations":[{"start":{"line":65,"column":31},"end":{"line":73,"column":29}}]},"5":{"type":"branch","line":109,"loc":{"start":{"line":109,"column":38},"end":{"line":117,"column":29}},"locations":[{"start":{"line":109,"column":38},"end":{"line":117,"column":29}}]},"6":{"type":"branch","line":129,"loc":{"start":{"line":129,"column":21},"end":{"line":129,"column":61}},"locations":[{"start":{"line":129,"column":21},"end":{"line":129,"column":61}}]}},"b":{"0":[10],"1":[1],"2":[1],"3":[1],"4":[14],"5":[11],"6":[1]},"fnMap":{"0":{"name":"FilterForm","decl":{"start":{"line":20,"column":5},"end":{"line":137,"column":2}},"loc":{"start":{"line":20,"column":5},"end":{"line":137,"column":2}},"line":20},"1":{"name":"submitFilter","decl":{"start":{"line":26,"column":23},"end":{"line":28,"column":4}},"loc":{"start":{"line":26,"column":23},"end":{"line":28,"column":4}},"line":26},"2":{"name":"handleColorChange","decl":{"start":{"line":30,"column":28},"end":{"line":32,"column":4}},"loc":{"start":{"line":30,"column":28},"end":{"line":32,"column":4}},"line":30},"3":{"name":"handleManufacturerChange","decl":{"start":{"line":34,"column":35},"end":{"line":36,"column":4}},"loc":{"start":{"line":34,"column":35},"end":{"line":36,"column":4}},"line":34},"4":{"name":"onClick","decl":{"start":{"line":129,"column":21},"end":{"line":129,"column":61}},"loc":{"start":{"line":129,"column":21},"end":{"line":129,"column":61}},"line":129}},"f":{"0":10,"1":1,"2":1,"3":1,"4":1}}
,"E:\\zadania rekturacyjne\\auto1-group-recruitment-task\\src\\components\\Footer.tsx": {"path":"E:\\zadania rekturacyjne\\auto1-group-recruitment-task\\src\\components\\Footer.tsx","all":false,"statementMap":{"1":{"start":{"line":2,"column":0},"end":{"line":2,"column":48}},"3":{"start":{"line":4,"column":0},"end":{"line":4,"column":32}},"4":{"start":{"line":5,"column":0},"end":{"line":5,"column":10}},"5":{"start":{"line":6,"column":0},"end":{"line":6,"column":55}},"6":{"start":{"line":7,"column":0},"end":{"line":7,"column":65}},"7":{"start":{"line":8,"column":0},"end":{"line":8,"column":10}},"9":{"start":{"line":10,"column":0},"end":{"line":10,"column":2}},"11":{"start":{"line":12,"column":0},"end":{"line":12,"column":22}}},"s":{"1":1,"3":1,"4":1,"5":1,"6":1,"7":1,"9":1,"11":1},"branchMap":{"0":{"type":"branch","line":4,"loc":{"start":{"line":4,"column":25},"end":{"line":10,"column":2}},"locations":[{"start":{"line":4,"column":25},"end":{"line":10,"column":2}}]}},"b":{"0":[1]},"fnMap":{"0":{"name":"Footer","decl":{"start":{"line":4,"column":25},"end":{"line":10,"column":2}},"loc":{"start":{"line":4,"column":25},"end":{"line":10,"column":2}},"line":4}},"f":{"0":1}}
,"E:\\zadania rekturacyjne\\auto1-group-recruitment-task\\src\\components\\Header.tsx": {"path":"E:\\zadania rekturacyjne\\auto1-group-recruitment-task\\src\\components\\Header.tsx","all":false,"statementMap":{"1":{"start":{"line":2,"column":0},"end":{"line":2,"column":71}},"3":{"start":{"line":4,"column":0},"end":{"line":4,"column":32}},"4":{"start":{"line":5,"column":0},"end":{"line":5,"column":10}},"5":{"start":{"line":6,"column":0},"end":{"line":6,"column":63}},"6":{"start":{"line":7,"column":0},"end":{"line":7,"column":42}},"7":{"start":{"line":8,"column":0},"end":{"line":8,"column":40}},"8":{"start":{"line":9,"column":0},"end":{"line":9,"column":55}},"10":{"start":{"line":11,"column":0},"end":{"line":11,"column":23}},"11":{"start":{"line":12,"column":0},"end":{"line":12,"column":15}},"12":{"start":{"line":13,"column":0},"end":{"line":13,"column":27}},"13":{"start":{"line":14,"column":0},"end":{"line":14,"column":86}},"14":{"start":{"line":15,"column":0},"end":{"line":15,"column":170}},"15":{"start":{"line":16,"column":0},"end":{"line":16,"column":36}},"16":{"start":{"line":17,"column":0},"end":{"line":17,"column":12}},"17":{"start":{"line":18,"column":0},"end":{"line":18,"column":14}},"18":{"start":{"line":19,"column":0},"end":{"line":19,"column":39}},"19":{"start":{"line":20,"column":0},"end":{"line":20,"column":56}},"21":{"start":{"line":22,"column":0},"end":{"line":22,"column":17}},"22":{"start":{"line":23,"column":0},"end":{"line":23,"column":56}},"24":{"start":{"line":25,"column":0},"end":{"line":25,"column":17}},"25":{"start":{"line":26,"column":0},"end":{"line":26,"column":56}},"27":{"start":{"line":28,"column":0},"end":{"line":28,"column":17}},"28":{"start":{"line":29,"column":0},"end":{"line":29,"column":14}},"29":{"start":{"line":30,"column":0},"end":{"line":30,"column":16}},"30":{"start":{"line":31,"column":0},"end":{"line":31,"column":13}},"32":{"start":{"line":33,"column":0},"end":{"line":33,"column":2}},"34":{"start":{"line":35,"column":0},"end":{"line":35,"column":22}}},"s":{"1":1,"3":1,"4":1,"5":1,"6":1,"7":1,"8":1,"10":1,"11":1,"12":1,"13":1,"14":1,"15":1,"16":1,"17":1,"18":1,"19":1,"21":1,"22":1,"24":1,"25":1,"27":1,"28":1,"29":1,"30":1,"32":1,"34":1},"branchMap":{"0":{"type":"branch","line":4,"loc":{"start":{"line":4,"column":25},"end":{"line":33,"column":2}},"locations":[{"start":{"line":4,"column":25},"end":{"line":33,"column":2}}]}},"b":{"0":[1]},"fnMap":{"0":{"name":"Header","decl":{"start":{"line":4,"column":25},"end":{"line":33,"column":2}},"loc":{"start":{"line":4,"column":25},"end":{"line":33,"column":2}},"line":4}},"f":{"0":1}}
,"E:\\zadania rekturacyjne\\auto1-group-recruitment-task\\src\\components\\LoadingCarList.tsx": {"path":"E:\\zadania rekturacyjne\\auto1-group-recruitment-task\\src\\components\\LoadingCarList.tsx","all":false,"statementMap":{"1":{"start":{"line":2,"column":0},"end":{"line":2,"column":8}},"10":{"start":{"line":11,"column":0},"end":{"line":11,"column":40}},"11":{"start":{"line":12,"column":0},"end":{"line":12,"column":80}},"12":{"start":{"line":13,"column":0},"end":{"line":13,"column":66}},"13":{"start":{"line":14,"column":0},"end":{"line":14,"column":47}},"14":{"start":{"line":15,"column":0},"end":{"line":15,"column":41}},"15":{"start":{"line":16,"column":0},"end":{"line":16,"column":97}},"16":{"start":{"line":17,"column":0},"end":{"line":17,"column":20}},"17":{"start":{"line":18,"column":0},"end":{"line":18,"column":68}},"18":{"start":{"line":19,"column":0},"end":{"line":19,"column":90}},"19":{"start":{"line":20,"column":0},"end":{"line":20,"column":90}},"20":{"start":{"line":21,"column":0},"end":{"line":21,"column":90}},"21":{"start":{"line":22,"column":0},"end":{"line":22,"column":22}},"22":{"start":{"line":23,"column":0},"end":{"line":23,"column":13}},"23":{"start":{"line":24,"column":0},"end":{"line":24,"column":12}},"24":{"start":{"line":25,"column":0},"end":{"line":25,"column":5}},"25":{"start":{"line":26,"column":0},"end":{"line":26,"column":10}},"26":{"start":{"line":27,"column":0},"end":{"line":27,"column":36}},"27":{"start":{"line":28,"column":0},"end":{"line":28,"column":12}},"28":{"start":{"line":29,"column":0},"end":{"line":29,"column":29}},"29":{"start":{"line":30,"column":0},"end":{"line":30,"column":15}},"30":{"start":{"line":31,"column":0},"end":{"line":31,"column":22}},"31":{"start":{"line":32,"column":0},"end":{"line":32,"column":38}},"33":{"start":{"line":34,"column":0},"end":{"line":34,"column":75}},"34":{"start":{"line":35,"column":0},"end":{"line":35,"column":35}},"35":{"start":{"line":36,"column":0},"end":{"line":36,"column":16}},"36":{"start":{"line":37,"column":0},"end":{"line":37,"column":14}},"37":{"start":{"line":38,"column":0},"end":{"line":38,"column":12}},"39":{"start":{"line":40,"column":0},"end":{"line":40,"column":2}},"41":{"start":{"line":42,"column":0},"end":{"line":42,"column":30}}},"s":{"1":1,"10":1,"11":3,"12":30,"13":30,"14":30,"15":30,"16":30,"17":30,"18":30,"19":30,"20":30,"21":30,"22":30,"23":30,"24":3,"25":3,"26":3,"27":3,"28":3,"29":3,"30":3,"31":3,"33":3,"34":3,"35":3,"36":3,"37":3,"39":3,"41":1},"branchMap":{"0":{"type":"branch","line":11,"loc":{"start":{"line":11,"column":33},"end":{"line":40,"column":2}},"locations":[{"start":{"line":11,"column":33},"end":{"line":40,"column":2}}]},"1":{"type":"branch","line":12,"loc":{"start":{"line":12,"column":65},"end":{"line":24,"column":12}},"locations":[{"start":{"line":12,"column":65},"end":{"line":24,"column":12}}]}},"b":{"0":[3],"1":[30]},"fnMap":{"0":{"name":"LoadingCarList","decl":{"start":{"line":11,"column":33},"end":{"line":40,"column":2}},"loc":{"start":{"line":11,"column":33},"end":{"line":40,"column":2}},"line":11}},"f":{"0":3}}
,"E:\\zadania rekturacyjne\\auto1-group-recruitment-task\\src\\pages\\ErrorPage.tsx": {"path":"E:\\zadania rekturacyjne\\auto1-group-recruitment-task\\src\\pages\\ErrorPage.tsx","all":false,"statementMap":{"1":{"start":{"line":2,"column":0},"end":{"line":2,"column":68}},"3":{"start":{"line":4,"column":0},"end":{"line":4,"column":35}},"4":{"start":{"line":5,"column":0},"end":{"line":5,"column":50}},"5":{"start":{"line":6,"column":0},"end":{"line":6,"column":54}},"6":{"start":{"line":7,"column":0},"end":{"line":7,"column":10}},"7":{"start":{"line":8,"column":0},"end":{"line":8,"column":23}},"8":{"start":{"line":9,"column":0},"end":{"line":9,"column":82}},"9":{"start":{"line":10,"column":0},"end":{"line":10,"column":166}},"10":{"start":{"line":11,"column":0},"end":{"line":11,"column":8}},"11":{"start":{"line":12,"column":0},"end":{"line":12,"column":56}},"13":{"start":{"line":14,"column":0},"end":{"line":14,"column":19}},"14":{"start":{"line":15,"column":0},"end":{"line":15,"column":60}},"16":{"start":{"line":17,"column":0},"end":{"line":17,"column":19}},"17":{"start":{"line":18,"column":0},"end":{"line":18,"column":60}},"18":{"start":{"line":19,"column":0},"end":{"line":19,"column":42}},"19":{"start":{"line":20,"column":0},"end":{"line":20,"column":59}},"21":{"start":{"line":22,"column":0},"end":{"line":22,"column":15}},"23":{"start":{"line":24,"column":0},"end":{"line":24,"column":19}},"24":{"start":{"line":25,"column":0},"end":{"line":25,"column":12}},"25":{"start":{"line":26,"column":0},"end":{"line":26,"column":10}},"28":{"start":{"line":29,"column":0},"end":{"line":29,"column":25}}},"s":{"1":1,"3":1,"4":1,"5":1,"6":1,"7":1,"8":1,"9":1,"10":1,"11":1,"13":1,"14":1,"16":1,"17":1,"18":1,"19":1,"21":1,"23":1,"24":1,"25":1,"28":1},"branchMap":{"0":{"type":"branch","line":4,"loc":{"start":{"line":4,"column":28},"end":{"line":26,"column":10}},"locations":[{"start":{"line":4,"column":28},"end":{"line":26,"column":10}}]}},"b":{"0":[1]},"fnMap":{"0":{"name":"ErrorPage","decl":{"start":{"line":4,"column":28},"end":{"line":26,"column":10}},"loc":{"start":{"line":4,"column":28},"end":{"line":26,"column":10}},"line":4}},"f":{"0":1}}
,"E:\\zadania rekturacyjne\\auto1-group-recruitment-task\\src\\pages\\PanelHost.tsx": {"path":"E:\\zadania rekturacyjne\\auto1-group-recruitment-task\\src\\pages\\PanelHost.tsx","all":false,"statementMap":{"0":{"start":{"line":1,"column":0},"end":{"line":1,"column":38}},"1":{"start":{"line":2,"column":0},"end":{"line":2,"column":41}},"2":{"start":{"line":3,"column":0},"end":{"line":3,"column":50}},"3":{"start":{"line":4,"column":0},"end":{"line":4,"column":44}},"4":{"start":{"line":5,"column":0},"end":{"line":5,"column":50}},"5":{"start":{"line":6,"column":0},"end":{"line":6,"column":58}},"14":{"start":{"line":15,"column":0},"end":{"line":15,"column":35}},"15":{"start":{"line":16,"column":0},"end":{"line":16,"column":71}},"17":{"start":{"line":18,"column":0},"end":{"line":18,"column":15}},"18":{"start":{"line":19,"column":0},"end":{"line":19,"column":54}},"19":{"start":{"line":20,"column":0},"end":{"line":20,"column":47}},"20":{"start":{"line":21,"column":0},"end":{"line":21,"column":65}},"22":{"start":{"line":23,"column":0},"end":{"line":23,"column":15}},"23":{"start":{"line":24,"column":0},"end":{"line":24,"column":65}},"24":{"start":{"line":25,"column":0},"end":{"line":25,"column":65}},"26":{"start":{"line":27,"column":0},"end":{"line":27,"column":8}},"27":{"start":{"line":28,"column":0},"end":{"line":28,"column":53}},"28":{"start":{"line":29,"column":0},"end":{"line":29,"column":40}},"29":{"start":{"line":30,"column":0},"end":{"line":30,"column":14}},"30":{"start":{"line":31,"column":0},"end":{"line":31,"column":7}},"32":{"start":{"line":33,"column":0},"end":{"line":33,"column":42}},"33":{"start":{"line":34,"column":0},"end":{"line":34,"column":27}},"34":{"start":{"line":35,"column":0},"end":{"line":35,"column":28}},"35":{"start":{"line":36,"column":0},"end":{"line":36,"column":11}},"36":{"start":{"line":37,"column":0},"end":{"line":37,"column":7}},"37":{"start":{"line":38,"column":0},"end":{"line":38,"column":4}},"39":{"start":{"line":40,"column":0},"end":{"line":40,"column":69}},"40":{"start":{"line":41,"column":0},"end":{"line":41,"column":27}},"41":{"start":{"line":42,"column":0},"end":{"line":42,"column":28}},"42":{"start":{"line":43,"column":0},"end":{"line":43,"column":12}},"43":{"start":{"line":44,"column":0},"end":{"line":44,"column":19}},"44":{"start":{"line":45,"column":0},"end":{"line":45,"column":7}},"45":{"start":{"line":46,"column":0},"end":{"line":46,"column":4}},"47":{"start":{"line":48,"column":0},"end":{"line":48,"column":63}},"48":{"start":{"line":49,"column":0},"end":{"line":49,"column":9}},"49":{"start":{"line":50,"column":0},"end":{"line":50,"column":78}},"50":{"start":{"line":51,"column":0},"end":{"line":51,"column":5}},"51":{"start":{"line":52,"column":0},"end":{"line":52,"column":15}},"53":{"start":{"line":54,"column":0},"end":{"line":54,"column":38}},"54":{"start":{"line":55,"column":0},"end":{"line":55,"column":21}},"55":{"start":{"line":56,"column":0},"end":{"line":56,"column":9}},"56":{"start":{"line":57,"column":0},"end":{"line":57,"column":35}},"57":{"start":{"line":58,"column":0},"end":{"line":58,"column":57}},"58":{"start":{"line":59,"column":0},"end":{"line":59,"column":8}},"59":{"start":{"line":60,"column":0},"end":{"line":60,"column":58}},"60":{"start":{"line":61,"column":0},"end":{"line":61,"column":32}},"61":{"start":{"line":62,"column":0},"end":{"line":62,"column":26}},"62":{"start":{"line":63,"column":0},"end":{"line":63,"column":32}},"63":{"start":{"line":64,"column":0},"end":{"line":64,"column":15}},"64":{"start":{"line":65,"column":0},"end":{"line":65,"column":24}},"65":{"start":{"line":66,"column":0},"end":{"line":66,"column":5}},"66":{"start":{"line":67,"column":0},"end":{"line":67,"column":4}},"68":{"start":{"line":69,"column":0},"end":{"line":69,"column":45}},"69":{"start":{"line":70,"column":0},"end":{"line":70,"column":21}},"70":{"start":{"line":71,"column":0},"end":{"line":71,"column":9}},"71":{"start":{"line":72,"column":0},"end":{"line":72,"column":35}},"72":{"start":{"line":73,"column":0},"end":{"line":73,"column":64}},"73":{"start":{"line":74,"column":0},"end":{"line":74,"column":8}},"74":{"start":{"line":75,"column":0},"end":{"line":75,"column":65}},"75":{"start":{"line":76,"column":0},"end":{"line":76,"column":46}},"76":{"start":{"line":77,"column":0},"end":{"line":77,"column":26}},"77":{"start":{"line":78,"column":0},"end":{"line":78,"column":32}},"78":{"start":{"line":79,"column":0},"end":{"line":79,"column":15}},"79":{"start":{"line":80,"column":0},"end":{"line":80,"column":24}},"80":{"start":{"line":81,"column":0},"end":{"line":81,"column":5}},"81":{"start":{"line":82,"column":0},"end":{"line":82,"column":4}},"83":{"start":{"line":84,"column":0},"end":{"line":84,"column":36}},"84":{"start":{"line":85,"column":0},"end":{"line":85,"column":21}},"85":{"start":{"line":86,"column":0},"end":{"line":86,"column":9}},"86":{"start":{"line":87,"column":0},"end":{"line":87,"column":35}},"87":{"start":{"line":88,"column":0},"end":{"line":88,"column":80}},"88":{"start":{"line":89,"column":0},"end":{"line":89,"column":8}},"89":{"start":{"line":90,"column":0},"end":{"line":90,"column":62}},"90":{"start":{"line":91,"column":0},"end":{"line":91,"column":35}},"91":{"start":{"line":92,"column":0},"end":{"line":92,"column":26}},"92":{"start":{"line":93,"column":0},"end":{"line":93,"column":32}},"93":{"start":{"line":94,"column":0},"end":{"line":94,"column":15}},"94":{"start":{"line":95,"column":0},"end":{"line":95,"column":24}},"95":{"start":{"line":96,"column":0},"end":{"line":96,"column":5}},"96":{"start":{"line":97,"column":0},"end":{"line":97,"column":4}},"98":{"start":{"line":99,"column":0},"end":{"line":99,"column":19}},"99":{"start":{"line":100,"column":0},"end":{"line":100,"column":21}},"100":{"start":{"line":101,"column":0},"end":{"line":101,"column":28}},"101":{"start":{"line":102,"column":0},"end":{"line":102,"column":9}},"103":{"start":{"line":104,"column":0},"end":{"line":104,"column":19}},"104":{"start":{"line":105,"column":0},"end":{"line":105,"column":19}},"105":{"start":{"line":106,"column":0},"end":{"line":106,"column":27}},"107":{"start":{"line":108,"column":0},"end":{"line":108,"column":35}},"108":{"start":{"line":109,"column":0},"end":{"line":109,"column":18}},"109":{"start":{"line":110,"column":0},"end":{"line":110,"column":32}},"110":{"start":{"line":111,"column":0},"end":{"line":111,"column":5}},"112":{"start":{"line":113,"column":0},"end":{"line":113,"column":16}},"113":{"start":{"line":114,"column":0},"end":{"line":114,"column":30}},"114":{"start":{"line":115,"column":0},"end":{"line":115,"column":5}},"116":{"start":{"line":117,"column":0},"end":{"line":117,"column":70}},"117":{"start":{"line":118,"column":0},"end":{"line":118,"column":69}},"118":{"start":{"line":119,"column":0},"end":{"line":119,"column":14}},"119":{"start":{"line":120,"column":0},"end":{"line":120,"column":19}},"120":{"start":{"line":121,"column":0},"end":{"line":121,"column":27}},"121":{"start":{"line":122,"column":0},"end":{"line":122,"column":63}},"122":{"start":{"line":123,"column":0},"end":{"line":123,"column":10}},"124":{"start":{"line":125,"column":0},"end":{"line":125,"column":5}},"126":{"start":{"line":127,"column":0},"end":{"line":127,"column":58}},"127":{"start":{"line":128,"column":0},"end":{"line":128,"column":52}},"128":{"start":{"line":129,"column":0},"end":{"line":129,"column":16}},"129":{"start":{"line":130,"column":0},"end":{"line":130,"column":51}},"130":{"start":{"line":131,"column":0},"end":{"line":131,"column":47}},"131":{"start":{"line":132,"column":0},"end":{"line":132,"column":36}},"132":{"start":{"line":133,"column":0},"end":{"line":133,"column":42}},"133":{"start":{"line":134,"column":0},"end":{"line":134,"column":69}},"134":{"start":{"line":135,"column":0},"end":{"line":135,"column":10}},"136":{"start":{"line":137,"column":0},"end":{"line":137,"column":30}},"138":{"start":{"line":139,"column":0},"end":{"line":139,"column":5}},"140":{"start":{"line":141,"column":0},"end":{"line":141,"column":16}},"141":{"start":{"line":142,"column":0},"end":{"line":142,"column":4}},"143":{"start":{"line":144,"column":0},"end":{"line":144,"column":10}},"144":{"start":{"line":145,"column":0},"end":{"line":145,"column":46}},"145":{"start":{"line":146,"column":0},"end":{"line":146,"column":42}},"146":{"start":{"line":147,"column":0},"end":{"line":147,"column":19}},"147":{"start":{"line":148,"column":0},"end":{"line":148,"column":31}},"148":{"start":{"line":149,"column":0},"end":{"line":149,"column":45}},"149":{"start":{"line":150,"column":0},"end":{"line":150,"column":49}},"150":{"start":{"line":151,"column":0},"end":{"line":151,"column":41}},"151":{"start":{"line":152,"column":0},"end":{"line":152,"column":10}},"153":{"start":{"line":154,"column":0},"end":{"line":154,"column":27}},"154":{"start":{"line":155,"column":0},"end":{"line":155,"column":12}},"156":{"start":{"line":157,"column":0},"end":{"line":157,"column":2}},"158":{"start":{"line":159,"column":0},"end":{"line":159,"column":25}}},"s":{"0":1,"1":1,"2":1,"3":1,"4":1,"5":1,"14":1,"15":6,"17":6,"18":6,"19":6,"20":6,"22":6,"23":6,"24":6,"26":6,"27":6,"28":6,"29":6,"30":6,"32":6,"33":0,"34":0,"35":0,"36":0,"37":0,"39":6,"40":0,"41":0,"42":0,"43":0,"44":0,"45":0,"47":6,"48":6,"49":6,"50":6,"51":6,"53":6,"54":2,"55":2,"56":2,"57":2,"58":2,"59":1,"60":1,"61":1,"62":1,"63":2,"64":2,"65":2,"66":2,"68":6,"69":2,"70":2,"71":2,"72":2,"73":2,"74":1,"75":1,"76":1,"77":1,"78":2,"79":2,"80":2,"81":2,"83":6,"84":2,"85":2,"86":2,"87":2,"88":2,"89":1,"90":1,"91":1,"92":1,"93":2,"94":2,"95":2,"96":2,"98":6,"99":2,"100":2,"101":6,"103":6,"104":2,"105":6,"107":6,"108":6,"109":2,"110":2,"112":6,"113":1,"114":1,"116":6,"117":0,"118":0,"119":0,"120":0,"121":0,"122":0,"124":0,"126":6,"127":1,"128":1,"129":1,"130":1,"131":1,"132":1,"133":1,"134":1,"136":0,"138":1,"140":2,"141":6,"143":6,"144":6,"145":6,"146":6,"147":6,"148":6,"149":6,"150":6,"151":6,"153":6,"154":6,"156":6,"158":1},"branchMap":{"0":{"type":"branch","line":15,"loc":{"start":{"line":15,"column":28},"end":{"line":157,"column":2}},"locations":[{"start":{"line":15,"column":28},"end":{"line":157,"column":2}}]},"1":{"type":"branch","line":50,"loc":{"start":{"line":50,"column":6},"end":{"line":50,"column":78}},"locations":[{"start":{"line":50,"column":6},"end":{"line":50,"column":78}}]},"2":{"type":"branch","line":54,"loc":{"start":{"line":54,"column":25},"end":{"line":67,"column":4}},"locations":[{"start":{"line":54,"column":25},"end":{"line":67,"column":4}}]},"3":{"type":"branch","line":59,"loc":{"start":{"line":59,"column":6},"end":{"line":64,"column":6}},"locations":[{"start":{"line":59,"column":6},"end":{"line":64,"column":6}}]},"4":{"type":"branch","line":69,"loc":{"start":{"line":69,"column":32},"end":{"line":82,"column":4}},"locations":[{"start":{"line":69,"column":32},"end":{"line":82,"column":4}}]},"5":{"type":"branch","line":74,"loc":{"start":{"line":74,"column":6},"end":{"line":79,"column":6}},"locations":[{"start":{"line":74,"column":6},"end":{"line":79,"column":6}}]},"6":{"type":"branch","line":84,"loc":{"start":{"line":84,"column":23},"end":{"line":97,"column":4}},"locations":[{"start":{"line":84,"column":23},"end":{"line":97,"column":4}}]},"7":{"type":"branch","line":89,"loc":{"start":{"line":89,"column":6},"end":{"line":94,"column":6}},"locations":[{"start":{"line":89,"column":6},"end":{"line":94,"column":6}}]},"8":{"type":"branch","line":99,"loc":{"start":{"line":99,"column":12},"end":{"line":102,"column":5}},"locations":[{"start":{"line":99,"column":12},"end":{"line":102,"column":5}}]},"9":{"type":"branch","line":104,"loc":{"start":{"line":104,"column":12},"end":{"line":106,"column":5}},"locations":[{"start":{"line":104,"column":12},"end":{"line":106,"column":5}}]},"10":{"type":"branch","line":108,"loc":{"start":{"line":108,"column":28},"end":{"line":142,"column":4}},"locations":[{"start":{"line":108,"column":28},"end":{"line":142,"column":4}}]},"11":{"type":"branch","line":109,"loc":{"start":{"line":109,"column":17},"end":{"line":111,"column":5}},"locations":[{"start":{"line":109,"column":17},"end":{"line":111,"column":5}}]},"12":{"type":"branch","line":111,"loc":{"start":{"line":111,"column":4},"end":{"line":113,"column":15}},"locations":[{"start":{"line":111,"column":4},"end":{"line":113,"column":15}}]},"13":{"type":"branch","line":113,"loc":{"start":{"line":113,"column":15},"end":{"line":115,"column":5}},"locations":[{"start":{"line":113,"column":15},"end":{"line":115,"column":5}}]},"14":{"type":"branch","line":115,"loc":{"start":{"line":115,"column":4},"end":{"line":117,"column":42}},"locations":[{"start":{"line":115,"column":4},"end":{"line":117,"column":42}}]},"15":{"type":"branch","line":117,"loc":{"start":{"line":117,"column":29},"end":{"line":117,"column":69}},"locations":[{"start":{"line":117,"column":29},"end":{"line":117,"column":69}}]},"16":{"type":"branch","line":117,"loc":{"start":{"line":117,"column":69},"end":{"line":125,"column":5}},"locations":[{"start":{"line":117,"column":69},"end":{"line":125,"column":5}}]},"17":{"type":"branch","line":125,"loc":{"start":{"line":125,"column":4},"end":{"line":127,"column":31}},"locations":[{"start":{"line":125,"column":4},"end":{"line":127,"column":31}}]},"18":{"type":"branch","line":127,"loc":{"start":{"line":127,"column":8},"end":{"line":127,"column":57}},"locations":[{"start":{"line":127,"column":8},"end":{"line":127,"column":57}}]},"19":{"type":"branch","line":127,"loc":{"start":{"line":127,"column":57},"end":{"line":139,"column":5}},"locations":[{"start":{"line":127,"column":57},"end":{"line":139,"column":5}}]},"20":{"type":"branch","line":135,"loc":{"start":{"line":135,"column":8},"end":{"line":137,"column":30}},"locations":[{"start":{"line":135,"column":8},"end":{"line":137,"column":30}}]},"21":{"type":"branch","line":139,"loc":{"start":{"line":139,"column":4},"end":{"line":141,"column":16}},"locations":[{"start":{"line":139,"column":4},"end":{"line":141,"column":16}}]}},"b":{"0":[6],"1":[6],"2":[2],"3":[1],"4":[2],"5":[1],"6":[2],"7":[1],"8":[2],"9":[2],"10":[6],"11":[2],"12":[4],"13":[1],"14":[3],"15":[0],"16":[0],"17":[3],"18":[1],"19":[1],"20":[0],"21":[2]},"fnMap":{"0":{"name":"PanelHost","decl":{"start":{"line":15,"column":28},"end":{"line":157,"column":2}},"loc":{"start":{"line":15,"column":28},"end":{"line":157,"column":2}},"line":15},"1":{"name":"onPageChange","decl":{"start":{"line":33,"column":23},"end":{"line":38,"column":4}},"loc":{"start":{"line":33,"column":23},"end":{"line":38,"column":4}},"line":33},"2":{"name":"onFilterSubmit","decl":{"start":{"line":40,"column":25},"end":{"line":46,"column":4}},"loc":{"start":{"line":40,"column":25},"end":{"line":46,"column":4}},"line":40},"3":{"name":"fetchColorList","decl":{"start":{"line":54,"column":25},"end":{"line":67,"column":4}},"loc":{"start":{"line":54,"column":25},"end":{"line":67,"column":4}},"line":54},"4":{"name":"fetchManufacturerList","decl":{"start":{"line":69,"column":32},"end":{"line":82,"column":4}},"loc":{"start":{"line":69,"column":32},"end":{"line":82,"column":4}},"line":69},"5":{"name":"fetchCarList","decl":{"start":{"line":84,"column":23},"end":{"line":97,"column":4}},"loc":{"start":{"line":84,"column":23},"end":{"line":97,"column":4}},"line":84},"6":{"name":"renderPageContent","decl":{"start":{"line":108,"column":28},"end":{"line":142,"column":4}},"loc":{"start":{"line":108,"column":28},"end":{"line":142,"column":4}},"line":108},"7":{"name":"onDetailsClose","decl":{"start":{"line":122,"column":26},"end":{"line":122,"column":63}},"loc":{"start":{"line":122,"column":26},"end":{"line":122,"column":63}},"line":122},"8":{"name":"onCarSelect","decl":{"start":{"line":134,"column":23},"end":{"line":134,"column":69}},"loc":{"start":{"line":134,"column":23},"end":{"line":134,"column":69}},"line":134}},"f":{"0":6,"1":0,"2":0,"3":2,"4":2,"5":2,"6":6,"7":0,"8":0}}
,"E:\\zadania rekturacyjne\\auto1-group-recruitment-task\\src\\services\\favouriteCarService.ts": {"path":"E:\\zadania rekturacyjne\\auto1-group-recruitment-task\\src\\services\\favouriteCarService.ts","all":false,"statementMap":{"2":{"start":{"line":3,"column":0},"end":{"line":3,"column":36}},"4":{"start":{"line":5,"column":0},"end":{"line":5,"column":46}},"5":{"start":{"line":6,"column":0},"end":{"line":6,"column":55}},"6":{"start":{"line":7,"column":0},"end":{"line":7,"column":50}},"7":{"start":{"line":8,"column":0},"end":{"line":8,"column":2}},"9":{"start":{"line":10,"column":0},"end":{"line":10,"column":44}},"10":{"start":{"line":11,"column":0},"end":{"line":11,"column":58}},"11":{"start":{"line":12,"column":0},"end":{"line":12,"column":2}},"13":{"start":{"line":14,"column":0},"end":{"line":14,"column":46}},"14":{"start":{"line":15,"column":0},"end":{"line":15,"column":34}},"15":{"start":{"line":16,"column":0},"end":{"line":16,"column":108}},"16":{"start":{"line":17,"column":0},"end":{"line":17,"column":19}},"17":{"start":{"line":18,"column":0},"end":{"line":18,"column":28}},"18":{"start":{"line":19,"column":0},"end":{"line":19,"column":3}},"19":{"start":{"line":20,"column":0},"end":{"line":20,"column":2}},"21":{"start":{"line":22,"column":0},"end":{"line":22,"column":86}},"22":{"start":{"line":23,"column":0},"end":{"line":23,"column":128}},"23":{"start":{"line":24,"column":0},"end":{"line":24,"column":26}},"24":{"start":{"line":25,"column":0},"end":{"line":25,"column":2}},"26":{"start":{"line":27,"column":0},"end":{"line":27,"column":91}},"27":{"start":{"line":28,"column":0},"end":{"line":28,"column":120}},"28":{"start":{"line":29,"column":0},"end":{"line":29,"column":2}}},"s":{"2":1,"4":1,"5":13,"6":13,"7":13,"9":1,"10":5,"11":5,"13":1,"14":5,"15":5,"16":4,"17":4,"18":4,"19":5,"21":1,"22":1,"23":1,"24":1,"26":1,"27":3,"28":3},"branchMap":{"0":{"type":"branch","line":5,"loc":{"start":{"line":5,"column":32},"end":{"line":8,"column":2}},"locations":[{"start":{"line":5,"column":32},"end":{"line":8,"column":2}}]},"1":{"type":"branch","line":7,"loc":{"start":{"line":7,"column":9},"end":{"line":7,"column":47}},"locations":[{"start":{"line":7,"column":9},"end":{"line":7,"column":47}}]},"2":{"type":"branch","line":7,"loc":{"start":{"line":7,"column":43},"end":{"line":7,"column":50}},"locations":[{"start":{"line":7,"column":43},"end":{"line":7,"column":50}}]},"3":{"type":"branch","line":10,"loc":{"start":{"line":10,"column":26},"end":{"line":12,"column":2}},"locations":[{"start":{"line":10,"column":26},"end":{"line":12,"column":2}}]},"4":{"type":"branch","line":14,"loc":{"start":{"line":14,"column":31},"end":{"line":20,"column":2}},"locations":[{"start":{"line":14,"column":31},"end":{"line":20,"column":2}}]},"5":{"type":"branch","line":16,"loc":{"start":{"line":16,"column":107},"end":{"line":19,"column":3}},"locations":[{"start":{"line":16,"column":107},"end":{"line":19,"column":3}}]},"6":{"type":"branch","line":16,"loc":{"start":{"line":16,"column":17},"end":{"line":16,"column":104}},"locations":[{"start":{"line":16,"column":17},"end":{"line":16,"column":104}}]},"7":{"type":"branch","line":22,"loc":{"start":{"line":22,"column":34},"end":{"line":25,"column":2}},"locations":[{"start":{"line":22,"column":34},"end":{"line":25,"column":2}}]},"8":{"type":"branch","line":23,"loc":{"start":{"line":23,"column":41},"end":{"line":23,"column":126}},"locations":[{"start":{"line":23,"column":41},"end":{"line":23,"column":126}}]},"9":{"type":"branch","line":23,"loc":{"start":{"line":23,"column":75},"end":{"line":23,"column":126}},"locations":[{"start":{"line":23,"column":75},"end":{"line":23,"column":126}}]},"10":{"type":"branch","line":27,"loc":{"start":{"line":27,"column":30},"end":{"line":29,"column":2}},"locations":[{"start":{"line":27,"column":30},"end":{"line":29,"column":2}}]},"11":{"type":"branch","line":28,"loc":{"start":{"line":28,"column":33},"end":{"line":28,"column":118}},"locations":[{"start":{"line":28,"column":33},"end":{"line":28,"column":118}}]},"12":{"type":"branch","line":28,"loc":{"start":{"line":28,"column":67},"end":{"line":28,"column":118}},"locations":[{"start":{"line":28,"column":67},"end":{"line":28,"column":118}}]}},"b":{"0":[13],"1":[7],"2":[6],"3":[5],"4":[5],"5":[4],"6":[1],"7":[1],"8":[1],"9":[0],"10":[3],"11":[2],"12":[1]},"fnMap":{"0":{"name":"getFavouriteCars","decl":{"start":{"line":5,"column":32},"end":{"line":8,"column":2}},"loc":{"start":{"line":5,"column":32},"end":{"line":8,"column":2}},"line":5},"1":{"name":"saveFavouriteCars","decl":{"start":{"line":10,"column":26},"end":{"line":12,"column":2}},"loc":{"start":{"line":10,"column":26},"end":{"line":12,"column":2}},"line":10},"2":{"name":"addFavouriteCar","decl":{"start":{"line":14,"column":31},"end":{"line":20,"column":2}},"loc":{"start":{"line":14,"column":31},"end":{"line":20,"column":2}},"line":14},"3":{"name":"removeFavouriteCar","decl":{"start":{"line":22,"column":34},"end":{"line":25,"column":2}},"loc":{"start":{"line":22,"column":34},"end":{"line":25,"column":2}},"line":22},"4":{"name":"isFavouriteCar","decl":{"start":{"line":27,"column":30},"end":{"line":29,"column":2}},"loc":{"start":{"line":27,"column":30},"end":{"line":29,"column":2}},"line":27}},"f":{"0":13,"1":5,"2":5,"3":1,"4":3}}
,"E:\\zadania rekturacyjne\\auto1-group-recruitment-task\\src\\types\\car.ts": {"path":"E:\\zadania rekturacyjne\\auto1-group-recruitment-task\\src\\types\\car.ts","all":false,"statementMap":{"0":{"start":{"line":1,"column":0},"end":{"line":1,"column":28}},"1":{"start":{"line":2,"column":0},"end":{"line":2,"column":20}},"2":{"start":{"line":3,"column":0},"end":{"line":3,"column":20}},"5":{"start":{"line":6,"column":0},"end":{"line":6,"column":31}},"6":{"start":{"line":7,"column":0},"end":{"line":7,"column":12}},"7":{"start":{"line":8,"column":0},"end":{"line":8,"column":12}}},"s":{"0":1,"1":1,"2":1,"5":1,"6":1,"7":1},"branchMap":{"0":{"type":"branch","line":1,"loc":{"start":{"line":1,"column":7},"end":{"line":1,"column":28}},"locations":[{"start":{"line":1,"column":7},"end":{"line":1,"column":28}}]},"1":{"type":"branch","line":6,"loc":{"start":{"line":6,"column":7},"end":{"line":6,"column":31}},"locations":[{"start":{"line":6,"column":7},"end":{"line":6,"column":31}}]}},"b":{"0":[3],"1":[3]},"fnMap":{},"f":{}}
}
